{"level":"info","msg":"[Creating Database Connection]","time":"2020-11-10T15:34:25+05:30"}
{"level":"info","msg":"[Database Connection is created]","time":"2020-11-10T15:34:26+05:30"}
{"level":"info","msg":"[ [*] Waiting for messages. To exit press CTRL+C]","time":"2020-11-10T15:34:27+05:30"}
{"level":"info","msg":"[Received a message:  0xc0001cb000]","time":"2020-11-10T15:34:39+05:30"}
{"level":"info","msg":"[Data Saved Successfully]","time":"2020-11-10T15:34:40+05:30"}
{"level":"info","msg":"[Creating Database Connection]","time":"2020-11-10T15:43:10+05:30"}
{"level":"info","msg":"[Database Connection is created]","time":"2020-11-10T15:43:11+05:30"}
{"level":"info","msg":"[ [*] Waiting for messages. To exit press CTRL+C]","time":"2020-11-10T15:43:11+05:30"}
{"level":"info","msg":"[Received a message:  0xc000088180]","time":"2020-11-10T15:46:21+05:30"}
{"level":"info","msg":"[Data Saved Successfully]","time":"2020-11-10T15:46:23+05:30"}
{"level":"info","msg":"[Creating Database Connection]","time":"2020-11-10T15:57:22+05:30"}
{"level":"info","msg":"[Database Connection is created]","time":"2020-11-10T15:57:22+05:30"}
{"level":"info","msg":"[ [*] Waiting for messages. To exit press CTRL+C]","time":"2020-11-10T15:57:22+05:30"}
{"level":"info","msg":"[Received a message:  0xc0002061e0]","time":"2020-11-10T15:57:44+05:30"}
{"level":"info","msg":"[Data Saved Successfully]","time":"2020-11-10T15:57:46+05:30"}
{"level":"info","msg":"[Creating Database Connection]","time":"2020-11-10T15:59:14+05:30"}
{"level":"info","msg":"[Database Connection is created]","time":"2020-11-10T15:59:15+05:30"}
{"level":"info","msg":"[ [*] Waiting for messages. To exit press CTRL+C]","time":"2020-11-10T15:59:15+05:30"}
{"level":"info","msg":"[Received a message:  0xc0001cbc00]","time":"2020-11-10T15:59:35+05:30"}
{"level":"info","msg":"[Data Saved Successfully]","time":"2020-11-10T15:59:37+05:30"}
{"level":"info","msg":"[Creating Database Connection]","time":"2020-11-10T16:01:41+05:30"}
{"level":"info","msg":"[Database Connection is created]","time":"2020-11-10T16:01:42+05:30"}
